2021-05-11 23:23:23.4400 Error DatabaseTarget(Name=database): Error when writing to database. Exception: MySql.Data.MySqlClient.MySqlException (0x80004005): Unable to connect to any of the specified MySQL hosts.
 ---> System.ArgumentException: The parameter 'host' cannot be an empty string.
   at System.Net.DnsEndPoint..ctor(String host, Int32 port, AddressFamily addressFamily)
   at System.Net.DnsEndPoint..ctor(String host, Int32 port)
   at System.Net.Sockets.Socket.ConnectAsync(String host, Int32 port, CancellationToken cancellationToken)
   at System.Net.Sockets.Socket.ConnectAsync(String host, Int32 port)
   at System.Net.Sockets.TcpClient.ConnectAsync(String host, Int32 port)
   at MySql.Data.Common.StreamCreator.GetTcpStream(MySqlConnectionStringBuilder settings)
   at MySql.Data.Common.StreamCreator.GetStream(MySqlConnectionStringBuilder settings)
   at MySql.Data.MySqlClient.NativeDriver.Open()
   at MySql.Data.MySqlClient.NativeDriver.Open()
   at MySql.Data.MySqlClient.Driver.Open()
   at MySql.Data.MySqlClient.Driver.Create(MySqlConnectionStringBuilder settings)
   at MySql.Data.MySqlClient.MySqlPool.CreateNewPooledConnection()
   at MySql.Data.MySqlClient.MySqlPool.GetPooledConnection()
   at MySql.Data.MySqlClient.MySqlPool.TryToGetDriver()
   at MySql.Data.MySqlClient.MySqlPool.GetConnection()
   at MySql.Data.MySqlClient.MySqlConnection.Open()
   at NLog.Targets.DatabaseTarget.OpenConnection(String connectionString, LogEventInfo logEventInfo)
   at NLog.Targets.DatabaseTarget.EnsureConnectionOpen(String connectionString, LogEventInfo logEventInfo)
   at NLog.Targets.DatabaseTarget.WriteLogEventToDatabase(LogEventInfo logEvent, String connectionString)
2021-05-11 23:23:23.4818 Error DatabaseTarget(Name=database): Error when writing to database. Exception: MySql.Data.MySqlClient.MySqlException (0x80004005): Unable to connect to any of the specified MySQL hosts.
 ---> System.ArgumentException: The parameter 'host' cannot be an empty string.
   at System.Net.DnsEndPoint..ctor(String host, Int32 port, AddressFamily addressFamily)
   at System.Net.DnsEndPoint..ctor(String host, Int32 port)
   at System.Net.Sockets.Socket.ConnectAsync(String host, Int32 port, CancellationToken cancellationToken)
   at System.Net.Sockets.Socket.ConnectAsync(String host, Int32 port)
   at System.Net.Sockets.TcpClient.ConnectAsync(String host, Int32 port)
   at MySql.Data.Common.StreamCreator.GetTcpStream(MySqlConnectionStringBuilder settings)
   at MySql.Data.Common.StreamCreator.GetStream(MySqlConnectionStringBuilder settings)
   at MySql.Data.MySqlClient.NativeDriver.Open()
   at MySql.Data.MySqlClient.NativeDriver.Open()
   at MySql.Data.MySqlClient.Driver.Open()
   at MySql.Data.MySqlClient.Driver.Create(MySqlConnectionStringBuilder settings)
   at MySql.Data.MySqlClient.MySqlPool.CreateNewPooledConnection()
   at MySql.Data.MySqlClient.MySqlPool.GetPooledConnection()
   at MySql.Data.MySqlClient.MySqlPool.TryToGetDriver()
   at MySql.Data.MySqlClient.MySqlPool.GetConnection()
   at MySql.Data.MySqlClient.MySqlConnection.Open()
   at NLog.Targets.DatabaseTarget.OpenConnection(String connectionString, LogEventInfo logEventInfo)
   at NLog.Targets.DatabaseTarget.EnsureConnectionOpen(String connectionString, LogEventInfo logEventInfo)
   at NLog.Targets.DatabaseTarget.WriteLogEventToDatabase(LogEventInfo logEvent, String connectionString)
2021-05-11 23:23:23.4893 Error DatabaseTarget(Name=database): Error when writing to database. Exception: MySql.Data.MySqlClient.MySqlException (0x80004005): Unable to connect to any of the specified MySQL hosts.
 ---> System.ArgumentException: The parameter 'host' cannot be an empty string.
   at System.Net.DnsEndPoint..ctor(String host, Int32 port, AddressFamily addressFamily)
   at System.Net.DnsEndPoint..ctor(String host, Int32 port)
   at System.Net.Sockets.Socket.ConnectAsync(String host, Int32 port, CancellationToken cancellationToken)
   at System.Net.Sockets.Socket.ConnectAsync(String host, Int32 port)
   at System.Net.Sockets.TcpClient.ConnectAsync(String host, Int32 port)
   at MySql.Data.Common.StreamCreator.GetTcpStream(MySqlConnectionStringBuilder settings)
   at MySql.Data.Common.StreamCreator.GetStream(MySqlConnectionStringBuilder settings)
   at MySql.Data.MySqlClient.NativeDriver.Open()
   at MySql.Data.MySqlClient.NativeDriver.Open()
   at MySql.Data.MySqlClient.Driver.Open()
   at MySql.Data.MySqlClient.Driver.Create(MySqlConnectionStringBuilder settings)
   at MySql.Data.MySqlClient.MySqlPool.CreateNewPooledConnection()
   at MySql.Data.MySqlClient.MySqlPool.GetPooledConnection()
   at MySql.Data.MySqlClient.MySqlPool.TryToGetDriver()
   at MySql.Data.MySqlClient.MySqlPool.GetConnection()
   at MySql.Data.MySqlClient.MySqlConnection.Open()
   at NLog.Targets.DatabaseTarget.OpenConnection(String connectionString, LogEventInfo logEventInfo)
   at NLog.Targets.DatabaseTarget.EnsureConnectionOpen(String connectionString, LogEventInfo logEventInfo)
   at NLog.Targets.DatabaseTarget.WriteLogEventToDatabase(LogEventInfo logEvent, String connectionString)
2021-05-11 23:23:23.5063 Error DatabaseTarget(Name=database): Error when writing to database. Exception: MySql.Data.MySqlClient.MySqlException (0x80004005): Unable to connect to any of the specified MySQL hosts.
 ---> System.ArgumentException: The parameter 'host' cannot be an empty string.
   at System.Net.DnsEndPoint..ctor(String host, Int32 port, AddressFamily addressFamily)
   at System.Net.DnsEndPoint..ctor(String host, Int32 port)
   at System.Net.Sockets.Socket.ConnectAsync(String host, Int32 port, CancellationToken cancellationToken)
   at System.Net.Sockets.Socket.ConnectAsync(String host, Int32 port)
   at System.Net.Sockets.TcpClient.ConnectAsync(String host, Int32 port)
   at MySql.Data.Common.StreamCreator.GetTcpStream(MySqlConnectionStringBuilder settings)
   at MySql.Data.Common.StreamCreator.GetStream(MySqlConnectionStringBuilder settings)
   at MySql.Data.MySqlClient.NativeDriver.Open()
   at MySql.Data.MySqlClient.NativeDriver.Open()
   at MySql.Data.MySqlClient.Driver.Open()
   at MySql.Data.MySqlClient.Driver.Create(MySqlConnectionStringBuilder settings)
   at MySql.Data.MySqlClient.MySqlPool.CreateNewPooledConnection()
   at MySql.Data.MySqlClient.MySqlPool.GetPooledConnection()
   at MySql.Data.MySqlClient.MySqlPool.TryToGetDriver()
   at MySql.Data.MySqlClient.MySqlPool.GetConnection()
   at MySql.Data.MySqlClient.MySqlConnection.Open()
   at NLog.Targets.DatabaseTarget.OpenConnection(String connectionString, LogEventInfo logEventInfo)
   at NLog.Targets.DatabaseTarget.EnsureConnectionOpen(String connectionString, LogEventInfo logEventInfo)
   at NLog.Targets.DatabaseTarget.WriteLogEventToDatabase(LogEventInfo logEvent, String connectionString)
2021-05-11 23:23:23.5120 Error DatabaseTarget(Name=database): Error when writing to database. Exception: MySql.Data.MySqlClient.MySqlException (0x80004005): Unable to connect to any of the specified MySQL hosts.
 ---> System.ArgumentException: The parameter 'host' cannot be an empty string.
   at System.Net.DnsEndPoint..ctor(String host, Int32 port, AddressFamily addressFamily)
   at System.Net.DnsEndPoint..ctor(String host, Int32 port)
   at System.Net.Sockets.Socket.ConnectAsync(String host, Int32 port, CancellationToken cancellationToken)
   at System.Net.Sockets.Socket.ConnectAsync(String host, Int32 port)
   at System.Net.Sockets.TcpClient.ConnectAsync(String host, Int32 port)
   at MySql.Data.Common.StreamCreator.GetTcpStream(MySqlConnectionStringBuilder settings)
   at MySql.Data.Common.StreamCreator.GetStream(MySqlConnectionStringBuilder settings)
   at MySql.Data.MySqlClient.NativeDriver.Open()
   at MySql.Data.MySqlClient.NativeDriver.Open()
   at MySql.Data.MySqlClient.Driver.Open()
   at MySql.Data.MySqlClient.Driver.Create(MySqlConnectionStringBuilder settings)
   at MySql.Data.MySqlClient.MySqlPool.CreateNewPooledConnection()
   at MySql.Data.MySqlClient.MySqlPool.GetPooledConnection()
   at MySql.Data.MySqlClient.MySqlPool.TryToGetDriver()
   at MySql.Data.MySqlClient.MySqlPool.GetConnection()
   at MySql.Data.MySqlClient.MySqlConnection.Open()
   at NLog.Targets.DatabaseTarget.OpenConnection(String connectionString, LogEventInfo logEventInfo)
   at NLog.Targets.DatabaseTarget.EnsureConnectionOpen(String connectionString, LogEventInfo logEventInfo)
   at NLog.Targets.DatabaseTarget.WriteLogEventToDatabase(LogEventInfo logEvent, String connectionString)
2021-05-11 23:23:23.5432 Error DatabaseTarget(Name=database): Error when writing to database. Exception: MySql.Data.MySqlClient.MySqlException (0x80004005): Unable to connect to any of the specified MySQL hosts.
 ---> System.ArgumentException: The parameter 'host' cannot be an empty string.
   at System.Net.DnsEndPoint..ctor(String host, Int32 port, AddressFamily addressFamily)
   at System.Net.DnsEndPoint..ctor(String host, Int32 port)
   at System.Net.Sockets.Socket.ConnectAsync(String host, Int32 port, CancellationToken cancellationToken)
   at System.Net.Sockets.Socket.ConnectAsync(String host, Int32 port)
   at System.Net.Sockets.TcpClient.ConnectAsync(String host, Int32 port)
   at MySql.Data.Common.StreamCreator.GetTcpStream(MySqlConnectionStringBuilder settings)
   at MySql.Data.Common.StreamCreator.GetStream(MySqlConnectionStringBuilder settings)
   at MySql.Data.MySqlClient.NativeDriver.Open()
   at MySql.Data.MySqlClient.NativeDriver.Open()
   at MySql.Data.MySqlClient.Driver.Open()
   at MySql.Data.MySqlClient.Driver.Create(MySqlConnectionStringBuilder settings)
   at MySql.Data.MySqlClient.MySqlPool.CreateNewPooledConnection()
   at MySql.Data.MySqlClient.MySqlPool.GetPooledConnection()
   at MySql.Data.MySqlClient.MySqlPool.TryToGetDriver()
   at MySql.Data.MySqlClient.MySqlPool.GetConnection()
   at MySql.Data.MySqlClient.MySqlConnection.Open()
   at NLog.Targets.DatabaseTarget.OpenConnection(String connectionString, LogEventInfo logEventInfo)
   at NLog.Targets.DatabaseTarget.EnsureConnectionOpen(String connectionString, LogEventInfo logEventInfo)
   at NLog.Targets.DatabaseTarget.WriteLogEventToDatabase(LogEventInfo logEvent, String connectionString)
2021-05-11 23:25:44.3985 Error DatabaseTarget(Name=database): Error when writing to database. Exception: MySql.Data.MySqlClient.MySqlException (0x80004005): Unable to connect to any of the specified MySQL hosts.
 ---> System.ArgumentException: The parameter 'host' cannot be an empty string.
   at System.Net.DnsEndPoint..ctor(String host, Int32 port, AddressFamily addressFamily)
   at System.Net.DnsEndPoint..ctor(String host, Int32 port)
   at System.Net.Sockets.Socket.ConnectAsync(String host, Int32 port, CancellationToken cancellationToken)
   at System.Net.Sockets.Socket.ConnectAsync(String host, Int32 port)
   at System.Net.Sockets.TcpClient.ConnectAsync(String host, Int32 port)
   at MySql.Data.Common.StreamCreator.GetTcpStream(MySqlConnectionStringBuilder settings)
   at MySql.Data.Common.StreamCreator.GetStream(MySqlConnectionStringBuilder settings)
   at MySql.Data.MySqlClient.NativeDriver.Open()
   at MySql.Data.MySqlClient.NativeDriver.Open()
   at MySql.Data.MySqlClient.Driver.Open()
   at MySql.Data.MySqlClient.Driver.Create(MySqlConnectionStringBuilder settings)
   at MySql.Data.MySqlClient.MySqlPool.CreateNewPooledConnection()
   at MySql.Data.MySqlClient.MySqlPool.GetPooledConnection()
   at MySql.Data.MySqlClient.MySqlPool.TryToGetDriver()
   at MySql.Data.MySqlClient.MySqlPool.GetConnection()
   at MySql.Data.MySqlClient.MySqlConnection.Open()
   at NLog.Targets.DatabaseTarget.OpenConnection(String connectionString, LogEventInfo logEventInfo)
   at NLog.Targets.DatabaseTarget.EnsureConnectionOpen(String connectionString, LogEventInfo logEventInfo)
   at NLog.Targets.DatabaseTarget.WriteLogEventToDatabase(LogEventInfo logEvent, String connectionString)
2021-05-11 23:25:44.4168 Error DatabaseTarget(Name=database): Error when writing to database. Exception: MySql.Data.MySqlClient.MySqlException (0x80004005): Unable to connect to any of the specified MySQL hosts.
 ---> System.ArgumentException: The parameter 'host' cannot be an empty string.
   at System.Net.DnsEndPoint..ctor(String host, Int32 port, AddressFamily addressFamily)
   at System.Net.DnsEndPoint..ctor(String host, Int32 port)
   at System.Net.Sockets.Socket.ConnectAsync(String host, Int32 port, CancellationToken cancellationToken)
   at System.Net.Sockets.Socket.ConnectAsync(String host, Int32 port)
   at System.Net.Sockets.TcpClient.ConnectAsync(String host, Int32 port)
   at MySql.Data.Common.StreamCreator.GetTcpStream(MySqlConnectionStringBuilder settings)
   at MySql.Data.Common.StreamCreator.GetStream(MySqlConnectionStringBuilder settings)
   at MySql.Data.MySqlClient.NativeDriver.Open()
   at MySql.Data.MySqlClient.NativeDriver.Open()
   at MySql.Data.MySqlClient.Driver.Open()
   at MySql.Data.MySqlClient.Driver.Create(MySqlConnectionStringBuilder settings)
   at MySql.Data.MySqlClient.MySqlPool.CreateNewPooledConnection()
   at MySql.Data.MySqlClient.MySqlPool.GetPooledConnection()
   at MySql.Data.MySqlClient.MySqlPool.TryToGetDriver()
   at MySql.Data.MySqlClient.MySqlPool.GetConnection()
   at MySql.Data.MySqlClient.MySqlConnection.Open()
   at NLog.Targets.DatabaseTarget.OpenConnection(String connectionString, LogEventInfo logEventInfo)
   at NLog.Targets.DatabaseTarget.EnsureConnectionOpen(String connectionString, LogEventInfo logEventInfo)
   at NLog.Targets.DatabaseTarget.WriteLogEventToDatabase(LogEventInfo logEvent, String connectionString)
2021-05-11 23:25:44.4239 Error DatabaseTarget(Name=database): Error when writing to database. Exception: MySql.Data.MySqlClient.MySqlException (0x80004005): Unable to connect to any of the specified MySQL hosts.
 ---> System.ArgumentException: The parameter 'host' cannot be an empty string.
   at System.Net.DnsEndPoint..ctor(String host, Int32 port, AddressFamily addressFamily)
   at System.Net.DnsEndPoint..ctor(String host, Int32 port)
   at System.Net.Sockets.Socket.ConnectAsync(String host, Int32 port, CancellationToken cancellationToken)
   at System.Net.Sockets.Socket.ConnectAsync(String host, Int32 port)
   at System.Net.Sockets.TcpClient.ConnectAsync(String host, Int32 port)
   at MySql.Data.Common.StreamCreator.GetTcpStream(MySqlConnectionStringBuilder settings)
   at MySql.Data.Common.StreamCreator.GetStream(MySqlConnectionStringBuilder settings)
   at MySql.Data.MySqlClient.NativeDriver.Open()
   at MySql.Data.MySqlClient.NativeDriver.Open()
   at MySql.Data.MySqlClient.Driver.Open()
   at MySql.Data.MySqlClient.Driver.Create(MySqlConnectionStringBuilder settings)
   at MySql.Data.MySqlClient.MySqlPool.CreateNewPooledConnection()
   at MySql.Data.MySqlClient.MySqlPool.GetPooledConnection()
   at MySql.Data.MySqlClient.MySqlPool.TryToGetDriver()
   at MySql.Data.MySqlClient.MySqlPool.GetConnection()
   at MySql.Data.MySqlClient.MySqlConnection.Open()
   at NLog.Targets.DatabaseTarget.OpenConnection(String connectionString, LogEventInfo logEventInfo)
   at NLog.Targets.DatabaseTarget.EnsureConnectionOpen(String connectionString, LogEventInfo logEventInfo)
   at NLog.Targets.DatabaseTarget.WriteLogEventToDatabase(LogEventInfo logEvent, String connectionString)
2021-05-11 23:25:44.4409 Error DatabaseTarget(Name=database): Error when writing to database. Exception: MySql.Data.MySqlClient.MySqlException (0x80004005): Unable to connect to any of the specified MySQL hosts.
 ---> System.ArgumentException: The parameter 'host' cannot be an empty string.
   at System.Net.DnsEndPoint..ctor(String host, Int32 port, AddressFamily addressFamily)
   at System.Net.DnsEndPoint..ctor(String host, Int32 port)
   at System.Net.Sockets.Socket.ConnectAsync(String host, Int32 port, CancellationToken cancellationToken)
   at System.Net.Sockets.Socket.ConnectAsync(String host, Int32 port)
   at System.Net.Sockets.TcpClient.ConnectAsync(String host, Int32 port)
   at MySql.Data.Common.StreamCreator.GetTcpStream(MySqlConnectionStringBuilder settings)
   at MySql.Data.Common.StreamCreator.GetStream(MySqlConnectionStringBuilder settings)
   at MySql.Data.MySqlClient.NativeDriver.Open()
   at MySql.Data.MySqlClient.NativeDriver.Open()
   at MySql.Data.MySqlClient.Driver.Open()
   at MySql.Data.MySqlClient.Driver.Create(MySqlConnectionStringBuilder settings)
   at MySql.Data.MySqlClient.MySqlPool.CreateNewPooledConnection()
   at MySql.Data.MySqlClient.MySqlPool.GetPooledConnection()
   at MySql.Data.MySqlClient.MySqlPool.TryToGetDriver()
   at MySql.Data.MySqlClient.MySqlPool.GetConnection()
   at MySql.Data.MySqlClient.MySqlConnection.Open()
   at NLog.Targets.DatabaseTarget.OpenConnection(String connectionString, LogEventInfo logEventInfo)
   at NLog.Targets.DatabaseTarget.EnsureConnectionOpen(String connectionString, LogEventInfo logEventInfo)
   at NLog.Targets.DatabaseTarget.WriteLogEventToDatabase(LogEventInfo logEvent, String connectionString)
2021-05-11 23:25:44.4470 Error DatabaseTarget(Name=database): Error when writing to database. Exception: MySql.Data.MySqlClient.MySqlException (0x80004005): Unable to connect to any of the specified MySQL hosts.
 ---> System.ArgumentException: The parameter 'host' cannot be an empty string.
   at System.Net.DnsEndPoint..ctor(String host, Int32 port, AddressFamily addressFamily)
   at System.Net.DnsEndPoint..ctor(String host, Int32 port)
   at System.Net.Sockets.Socket.ConnectAsync(String host, Int32 port, CancellationToken cancellationToken)
   at System.Net.Sockets.Socket.ConnectAsync(String host, Int32 port)
   at System.Net.Sockets.TcpClient.ConnectAsync(String host, Int32 port)
   at MySql.Data.Common.StreamCreator.GetTcpStream(MySqlConnectionStringBuilder settings)
   at MySql.Data.Common.StreamCreator.GetStream(MySqlConnectionStringBuilder settings)
   at MySql.Data.MySqlClient.NativeDriver.Open()
   at MySql.Data.MySqlClient.NativeDriver.Open()
   at MySql.Data.MySqlClient.Driver.Open()
   at MySql.Data.MySqlClient.Driver.Create(MySqlConnectionStringBuilder settings)
   at MySql.Data.MySqlClient.MySqlPool.CreateNewPooledConnection()
   at MySql.Data.MySqlClient.MySqlPool.GetPooledConnection()
   at MySql.Data.MySqlClient.MySqlPool.TryToGetDriver()
   at MySql.Data.MySqlClient.MySqlPool.GetConnection()
   at MySql.Data.MySqlClient.MySqlConnection.Open()
   at NLog.Targets.DatabaseTarget.OpenConnection(String connectionString, LogEventInfo logEventInfo)
   at NLog.Targets.DatabaseTarget.EnsureConnectionOpen(String connectionString, LogEventInfo logEventInfo)
   at NLog.Targets.DatabaseTarget.WriteLogEventToDatabase(LogEventInfo logEvent, String connectionString)
2021-05-11 23:25:44.4780 Error DatabaseTarget(Name=database): Error when writing to database. Exception: MySql.Data.MySqlClient.MySqlException (0x80004005): Unable to connect to any of the specified MySQL hosts.
 ---> System.ArgumentException: The parameter 'host' cannot be an empty string.
   at System.Net.DnsEndPoint..ctor(String host, Int32 port, AddressFamily addressFamily)
   at System.Net.DnsEndPoint..ctor(String host, Int32 port)
   at System.Net.Sockets.Socket.ConnectAsync(String host, Int32 port, CancellationToken cancellationToken)
   at System.Net.Sockets.Socket.ConnectAsync(String host, Int32 port)
   at System.Net.Sockets.TcpClient.ConnectAsync(String host, Int32 port)
   at MySql.Data.Common.StreamCreator.GetTcpStream(MySqlConnectionStringBuilder settings)
   at MySql.Data.Common.StreamCreator.GetStream(MySqlConnectionStringBuilder settings)
   at MySql.Data.MySqlClient.NativeDriver.Open()
   at MySql.Data.MySqlClient.NativeDriver.Open()
   at MySql.Data.MySqlClient.Driver.Open()
   at MySql.Data.MySqlClient.Driver.Create(MySqlConnectionStringBuilder settings)
   at MySql.Data.MySqlClient.MySqlPool.CreateNewPooledConnection()
   at MySql.Data.MySqlClient.MySqlPool.GetPooledConnection()
   at MySql.Data.MySqlClient.MySqlPool.TryToGetDriver()
   at MySql.Data.MySqlClient.MySqlPool.GetConnection()
   at MySql.Data.MySqlClient.MySqlConnection.Open()
   at NLog.Targets.DatabaseTarget.OpenConnection(String connectionString, LogEventInfo logEventInfo)
   at NLog.Targets.DatabaseTarget.EnsureConnectionOpen(String connectionString, LogEventInfo logEventInfo)
   at NLog.Targets.DatabaseTarget.WriteLogEventToDatabase(LogEventInfo logEvent, String connectionString)
2021-05-11 23:30:41.4607 Error DatabaseTarget(Name=database): Error when writing to database. Exception: MySql.Data.MySqlClient.MySqlException (0x80004005): Unable to connect to any of the specified MySQL hosts.
 ---> System.ArgumentException: The parameter 'host' cannot be an empty string.
   at System.Net.DnsEndPoint..ctor(String host, Int32 port, AddressFamily addressFamily)
   at System.Net.DnsEndPoint..ctor(String host, Int32 port)
   at System.Net.Sockets.Socket.ConnectAsync(String host, Int32 port, CancellationToken cancellationToken)
   at System.Net.Sockets.Socket.ConnectAsync(String host, Int32 port)
   at System.Net.Sockets.TcpClient.ConnectAsync(String host, Int32 port)
   at MySql.Data.Common.StreamCreator.GetTcpStream(MySqlConnectionStringBuilder settings)
   at MySql.Data.Common.StreamCreator.GetStream(MySqlConnectionStringBuilder settings)
   at MySql.Data.MySqlClient.NativeDriver.Open()
   at MySql.Data.MySqlClient.NativeDriver.Open()
   at MySql.Data.MySqlClient.Driver.Open()
   at MySql.Data.MySqlClient.Driver.Create(MySqlConnectionStringBuilder settings)
   at MySql.Data.MySqlClient.MySqlPool.CreateNewPooledConnection()
   at MySql.Data.MySqlClient.MySqlPool.GetPooledConnection()
   at MySql.Data.MySqlClient.MySqlPool.TryToGetDriver()
   at MySql.Data.MySqlClient.MySqlPool.GetConnection()
   at MySql.Data.MySqlClient.MySqlConnection.Open()
   at NLog.Targets.DatabaseTarget.OpenConnection(String connectionString, LogEventInfo logEventInfo)
   at NLog.Targets.DatabaseTarget.EnsureConnectionOpen(String connectionString, LogEventInfo logEventInfo)
   at NLog.Targets.DatabaseTarget.WriteLogEventToDatabase(LogEventInfo logEvent, String connectionString)
2021-05-11 23:30:41.4783 Error DatabaseTarget(Name=database): Error when writing to database. Exception: MySql.Data.MySqlClient.MySqlException (0x80004005): Unable to connect to any of the specified MySQL hosts.
 ---> System.ArgumentException: The parameter 'host' cannot be an empty string.
   at System.Net.DnsEndPoint..ctor(String host, Int32 port, AddressFamily addressFamily)
   at System.Net.DnsEndPoint..ctor(String host, Int32 port)
   at System.Net.Sockets.Socket.ConnectAsync(String host, Int32 port, CancellationToken cancellationToken)
   at System.Net.Sockets.Socket.ConnectAsync(String host, Int32 port)
   at System.Net.Sockets.TcpClient.ConnectAsync(String host, Int32 port)
   at MySql.Data.Common.StreamCreator.GetTcpStream(MySqlConnectionStringBuilder settings)
   at MySql.Data.Common.StreamCreator.GetStream(MySqlConnectionStringBuilder settings)
   at MySql.Data.MySqlClient.NativeDriver.Open()
   at MySql.Data.MySqlClient.NativeDriver.Open()
   at MySql.Data.MySqlClient.Driver.Open()
   at MySql.Data.MySqlClient.Driver.Create(MySqlConnectionStringBuilder settings)
   at MySql.Data.MySqlClient.MySqlPool.CreateNewPooledConnection()
   at MySql.Data.MySqlClient.MySqlPool.GetPooledConnection()
   at MySql.Data.MySqlClient.MySqlPool.TryToGetDriver()
   at MySql.Data.MySqlClient.MySqlPool.GetConnection()
   at MySql.Data.MySqlClient.MySqlConnection.Open()
   at NLog.Targets.DatabaseTarget.OpenConnection(String connectionString, LogEventInfo logEventInfo)
   at NLog.Targets.DatabaseTarget.EnsureConnectionOpen(String connectionString, LogEventInfo logEventInfo)
   at NLog.Targets.DatabaseTarget.WriteLogEventToDatabase(LogEventInfo logEvent, String connectionString)
2021-05-11 23:30:41.4850 Error DatabaseTarget(Name=database): Error when writing to database. Exception: MySql.Data.MySqlClient.MySqlException (0x80004005): Unable to connect to any of the specified MySQL hosts.
 ---> System.ArgumentException: The parameter 'host' cannot be an empty string.
   at System.Net.DnsEndPoint..ctor(String host, Int32 port, AddressFamily addressFamily)
   at System.Net.DnsEndPoint..ctor(String host, Int32 port)
   at System.Net.Sockets.Socket.ConnectAsync(String host, Int32 port, CancellationToken cancellationToken)
   at System.Net.Sockets.Socket.ConnectAsync(String host, Int32 port)
   at System.Net.Sockets.TcpClient.ConnectAsync(String host, Int32 port)
   at MySql.Data.Common.StreamCreator.GetTcpStream(MySqlConnectionStringBuilder settings)
   at MySql.Data.Common.StreamCreator.GetStream(MySqlConnectionStringBuilder settings)
   at MySql.Data.MySqlClient.NativeDriver.Open()
   at MySql.Data.MySqlClient.NativeDriver.Open()
   at MySql.Data.MySqlClient.Driver.Open()
   at MySql.Data.MySqlClient.Driver.Create(MySqlConnectionStringBuilder settings)
   at MySql.Data.MySqlClient.MySqlPool.CreateNewPooledConnection()
   at MySql.Data.MySqlClient.MySqlPool.GetPooledConnection()
   at MySql.Data.MySqlClient.MySqlPool.TryToGetDriver()
   at MySql.Data.MySqlClient.MySqlPool.GetConnection()
   at MySql.Data.MySqlClient.MySqlConnection.Open()
   at NLog.Targets.DatabaseTarget.OpenConnection(String connectionString, LogEventInfo logEventInfo)
   at NLog.Targets.DatabaseTarget.EnsureConnectionOpen(String connectionString, LogEventInfo logEventInfo)
   at NLog.Targets.DatabaseTarget.WriteLogEventToDatabase(LogEventInfo logEvent, String connectionString)
2021-05-11 23:30:41.5014 Error DatabaseTarget(Name=database): Error when writing to database. Exception: MySql.Data.MySqlClient.MySqlException (0x80004005): Unable to connect to any of the specified MySQL hosts.
 ---> System.ArgumentException: The parameter 'host' cannot be an empty string.
   at System.Net.DnsEndPoint..ctor(String host, Int32 port, AddressFamily addressFamily)
   at System.Net.DnsEndPoint..ctor(String host, Int32 port)
   at System.Net.Sockets.Socket.ConnectAsync(String host, Int32 port, CancellationToken cancellationToken)
   at System.Net.Sockets.Socket.ConnectAsync(String host, Int32 port)
   at System.Net.Sockets.TcpClient.ConnectAsync(String host, Int32 port)
   at MySql.Data.Common.StreamCreator.GetTcpStream(MySqlConnectionStringBuilder settings)
   at MySql.Data.Common.StreamCreator.GetStream(MySqlConnectionStringBuilder settings)
   at MySql.Data.MySqlClient.NativeDriver.Open()
   at MySql.Data.MySqlClient.NativeDriver.Open()
   at MySql.Data.MySqlClient.Driver.Open()
   at MySql.Data.MySqlClient.Driver.Create(MySqlConnectionStringBuilder settings)
   at MySql.Data.MySqlClient.MySqlPool.CreateNewPooledConnection()
   at MySql.Data.MySqlClient.MySqlPool.GetPooledConnection()
   at MySql.Data.MySqlClient.MySqlPool.TryToGetDriver()
   at MySql.Data.MySqlClient.MySqlPool.GetConnection()
   at MySql.Data.MySqlClient.MySqlConnection.Open()
   at NLog.Targets.DatabaseTarget.OpenConnection(String connectionString, LogEventInfo logEventInfo)
   at NLog.Targets.DatabaseTarget.EnsureConnectionOpen(String connectionString, LogEventInfo logEventInfo)
   at NLog.Targets.DatabaseTarget.WriteLogEventToDatabase(LogEventInfo logEvent, String connectionString)
2021-05-11 23:30:41.5068 Error DatabaseTarget(Name=database): Error when writing to database. Exception: MySql.Data.MySqlClient.MySqlException (0x80004005): Unable to connect to any of the specified MySQL hosts.
 ---> System.ArgumentException: The parameter 'host' cannot be an empty string.
   at System.Net.DnsEndPoint..ctor(String host, Int32 port, AddressFamily addressFamily)
   at System.Net.DnsEndPoint..ctor(String host, Int32 port)
   at System.Net.Sockets.Socket.ConnectAsync(String host, Int32 port, CancellationToken cancellationToken)
   at System.Net.Sockets.Socket.ConnectAsync(String host, Int32 port)
   at System.Net.Sockets.TcpClient.ConnectAsync(String host, Int32 port)
   at MySql.Data.Common.StreamCreator.GetTcpStream(MySqlConnectionStringBuilder settings)
   at MySql.Data.Common.StreamCreator.GetStream(MySqlConnectionStringBuilder settings)
   at MySql.Data.MySqlClient.NativeDriver.Open()
   at MySql.Data.MySqlClient.NativeDriver.Open()
   at MySql.Data.MySqlClient.Driver.Open()
   at MySql.Data.MySqlClient.Driver.Create(MySqlConnectionStringBuilder settings)
   at MySql.Data.MySqlClient.MySqlPool.CreateNewPooledConnection()
   at MySql.Data.MySqlClient.MySqlPool.GetPooledConnection()
   at MySql.Data.MySqlClient.MySqlPool.TryToGetDriver()
   at MySql.Data.MySqlClient.MySqlPool.GetConnection()
   at MySql.Data.MySqlClient.MySqlConnection.Open()
   at NLog.Targets.DatabaseTarget.OpenConnection(String connectionString, LogEventInfo logEventInfo)
   at NLog.Targets.DatabaseTarget.EnsureConnectionOpen(String connectionString, LogEventInfo logEventInfo)
   at NLog.Targets.DatabaseTarget.WriteLogEventToDatabase(LogEventInfo logEvent, String connectionString)
2021-05-11 23:30:41.5369 Error DatabaseTarget(Name=database): Error when writing to database. Exception: MySql.Data.MySqlClient.MySqlException (0x80004005): Unable to connect to any of the specified MySQL hosts.
 ---> System.ArgumentException: The parameter 'host' cannot be an empty string.
   at System.Net.DnsEndPoint..ctor(String host, Int32 port, AddressFamily addressFamily)
   at System.Net.DnsEndPoint..ctor(String host, Int32 port)
   at System.Net.Sockets.Socket.ConnectAsync(String host, Int32 port, CancellationToken cancellationToken)
   at System.Net.Sockets.Socket.ConnectAsync(String host, Int32 port)
   at System.Net.Sockets.TcpClient.ConnectAsync(String host, Int32 port)
   at MySql.Data.Common.StreamCreator.GetTcpStream(MySqlConnectionStringBuilder settings)
   at MySql.Data.Common.StreamCreator.GetStream(MySqlConnectionStringBuilder settings)
   at MySql.Data.MySqlClient.NativeDriver.Open()
   at MySql.Data.MySqlClient.NativeDriver.Open()
   at MySql.Data.MySqlClient.Driver.Open()
   at MySql.Data.MySqlClient.Driver.Create(MySqlConnectionStringBuilder settings)
   at MySql.Data.MySqlClient.MySqlPool.CreateNewPooledConnection()
   at MySql.Data.MySqlClient.MySqlPool.GetPooledConnection()
   at MySql.Data.MySqlClient.MySqlPool.TryToGetDriver()
   at MySql.Data.MySqlClient.MySqlPool.GetConnection()
   at MySql.Data.MySqlClient.MySqlConnection.Open()
   at NLog.Targets.DatabaseTarget.OpenConnection(String connectionString, LogEventInfo logEventInfo)
   at NLog.Targets.DatabaseTarget.EnsureConnectionOpen(String connectionString, LogEventInfo logEventInfo)
   at NLog.Targets.DatabaseTarget.WriteLogEventToDatabase(LogEventInfo logEvent, String connectionString)
2021-05-11 23:31:32.6940 Error DatabaseTarget(Name=database): Error when writing to database. Exception: MySql.Data.MySqlClient.MySqlException (0x80004005): Unable to connect to any of the specified MySQL hosts.
 ---> System.ArgumentException: The parameter 'host' cannot be an empty string.
   at System.Net.DnsEndPoint..ctor(String host, Int32 port, AddressFamily addressFamily)
   at System.Net.DnsEndPoint..ctor(String host, Int32 port)
   at System.Net.Sockets.Socket.ConnectAsync(String host, Int32 port, CancellationToken cancellationToken)
   at System.Net.Sockets.Socket.ConnectAsync(String host, Int32 port)
   at System.Net.Sockets.TcpClient.ConnectAsync(String host, Int32 port)
   at MySql.Data.Common.StreamCreator.GetTcpStream(MySqlConnectionStringBuilder settings)
   at MySql.Data.Common.StreamCreator.GetStream(MySqlConnectionStringBuilder settings)
   at MySql.Data.MySqlClient.NativeDriver.Open()
   at MySql.Data.MySqlClient.NativeDriver.Open()
   at MySql.Data.MySqlClient.Driver.Open()
   at MySql.Data.MySqlClient.Driver.Create(MySqlConnectionStringBuilder settings)
   at MySql.Data.MySqlClient.MySqlPool.CreateNewPooledConnection()
   at MySql.Data.MySqlClient.MySqlPool.GetPooledConnection()
   at MySql.Data.MySqlClient.MySqlPool.TryToGetDriver()
   at MySql.Data.MySqlClient.MySqlPool.GetConnection()
   at MySql.Data.MySqlClient.MySqlConnection.Open()
   at NLog.Targets.DatabaseTarget.OpenConnection(String connectionString, LogEventInfo logEventInfo)
   at NLog.Targets.DatabaseTarget.EnsureConnectionOpen(String connectionString, LogEventInfo logEventInfo)
   at NLog.Targets.DatabaseTarget.WriteLogEventToDatabase(LogEventInfo logEvent, String connectionString)
2021-05-11 23:31:32.7116 Error DatabaseTarget(Name=database): Error when writing to database. Exception: MySql.Data.MySqlClient.MySqlException (0x80004005): Unable to connect to any of the specified MySQL hosts.
 ---> System.ArgumentException: The parameter 'host' cannot be an empty string.
   at System.Net.DnsEndPoint..ctor(String host, Int32 port, AddressFamily addressFamily)
   at System.Net.DnsEndPoint..ctor(String host, Int32 port)
   at System.Net.Sockets.Socket.ConnectAsync(String host, Int32 port, CancellationToken cancellationToken)
   at System.Net.Sockets.Socket.ConnectAsync(String host, Int32 port)
   at System.Net.Sockets.TcpClient.ConnectAsync(String host, Int32 port)
   at MySql.Data.Common.StreamCreator.GetTcpStream(MySqlConnectionStringBuilder settings)
   at MySql.Data.Common.StreamCreator.GetStream(MySqlConnectionStringBuilder settings)
   at MySql.Data.MySqlClient.NativeDriver.Open()
   at MySql.Data.MySqlClient.NativeDriver.Open()
   at MySql.Data.MySqlClient.Driver.Open()
   at MySql.Data.MySqlClient.Driver.Create(MySqlConnectionStringBuilder settings)
   at MySql.Data.MySqlClient.MySqlPool.CreateNewPooledConnection()
   at MySql.Data.MySqlClient.MySqlPool.GetPooledConnection()
   at MySql.Data.MySqlClient.MySqlPool.TryToGetDriver()
   at MySql.Data.MySqlClient.MySqlPool.GetConnection()
   at MySql.Data.MySqlClient.MySqlConnection.Open()
   at NLog.Targets.DatabaseTarget.OpenConnection(String connectionString, LogEventInfo logEventInfo)
   at NLog.Targets.DatabaseTarget.EnsureConnectionOpen(String connectionString, LogEventInfo logEventInfo)
   at NLog.Targets.DatabaseTarget.WriteLogEventToDatabase(LogEventInfo logEvent, String connectionString)
2021-05-11 23:31:32.7184 Error DatabaseTarget(Name=database): Error when writing to database. Exception: MySql.Data.MySqlClient.MySqlException (0x80004005): Unable to connect to any of the specified MySQL hosts.
 ---> System.ArgumentException: The parameter 'host' cannot be an empty string.
   at System.Net.DnsEndPoint..ctor(String host, Int32 port, AddressFamily addressFamily)
   at System.Net.DnsEndPoint..ctor(String host, Int32 port)
   at System.Net.Sockets.Socket.ConnectAsync(String host, Int32 port, CancellationToken cancellationToken)
   at System.Net.Sockets.Socket.ConnectAsync(String host, Int32 port)
   at System.Net.Sockets.TcpClient.ConnectAsync(String host, Int32 port)
   at MySql.Data.Common.StreamCreator.GetTcpStream(MySqlConnectionStringBuilder settings)
   at MySql.Data.Common.StreamCreator.GetStream(MySqlConnectionStringBuilder settings)
   at MySql.Data.MySqlClient.NativeDriver.Open()
   at MySql.Data.MySqlClient.NativeDriver.Open()
   at MySql.Data.MySqlClient.Driver.Open()
   at MySql.Data.MySqlClient.Driver.Create(MySqlConnectionStringBuilder settings)
   at MySql.Data.MySqlClient.MySqlPool.CreateNewPooledConnection()
   at MySql.Data.MySqlClient.MySqlPool.GetPooledConnection()
   at MySql.Data.MySqlClient.MySqlPool.TryToGetDriver()
   at MySql.Data.MySqlClient.MySqlPool.GetConnection()
   at MySql.Data.MySqlClient.MySqlConnection.Open()
   at NLog.Targets.DatabaseTarget.OpenConnection(String connectionString, LogEventInfo logEventInfo)
   at NLog.Targets.DatabaseTarget.EnsureConnectionOpen(String connectionString, LogEventInfo logEventInfo)
   at NLog.Targets.DatabaseTarget.WriteLogEventToDatabase(LogEventInfo logEvent, String connectionString)
2021-05-11 23:31:32.7344 Error DatabaseTarget(Name=database): Error when writing to database. Exception: MySql.Data.MySqlClient.MySqlException (0x80004005): Unable to connect to any of the specified MySQL hosts.
 ---> System.ArgumentException: The parameter 'host' cannot be an empty string.
   at System.Net.DnsEndPoint..ctor(String host, Int32 port, AddressFamily addressFamily)
   at System.Net.DnsEndPoint..ctor(String host, Int32 port)
   at System.Net.Sockets.Socket.ConnectAsync(String host, Int32 port, CancellationToken cancellationToken)
   at System.Net.Sockets.Socket.ConnectAsync(String host, Int32 port)
   at System.Net.Sockets.TcpClient.ConnectAsync(String host, Int32 port)
   at MySql.Data.Common.StreamCreator.GetTcpStream(MySqlConnectionStringBuilder settings)
   at MySql.Data.Common.StreamCreator.GetStream(MySqlConnectionStringBuilder settings)
   at MySql.Data.MySqlClient.NativeDriver.Open()
   at MySql.Data.MySqlClient.NativeDriver.Open()
   at MySql.Data.MySqlClient.Driver.Open()
   at MySql.Data.MySqlClient.Driver.Create(MySqlConnectionStringBuilder settings)
   at MySql.Data.MySqlClient.MySqlPool.CreateNewPooledConnection()
   at MySql.Data.MySqlClient.MySqlPool.GetPooledConnection()
   at MySql.Data.MySqlClient.MySqlPool.TryToGetDriver()
   at MySql.Data.MySqlClient.MySqlPool.GetConnection()
   at MySql.Data.MySqlClient.MySqlConnection.Open()
   at NLog.Targets.DatabaseTarget.OpenConnection(String connectionString, LogEventInfo logEventInfo)
   at NLog.Targets.DatabaseTarget.EnsureConnectionOpen(String connectionString, LogEventInfo logEventInfo)
   at NLog.Targets.DatabaseTarget.WriteLogEventToDatabase(LogEventInfo logEvent, String connectionString)
2021-05-11 23:31:32.7399 Error DatabaseTarget(Name=database): Error when writing to database. Exception: MySql.Data.MySqlClient.MySqlException (0x80004005): Unable to connect to any of the specified MySQL hosts.
 ---> System.ArgumentException: The parameter 'host' cannot be an empty string.
   at System.Net.DnsEndPoint..ctor(String host, Int32 port, AddressFamily addressFamily)
   at System.Net.DnsEndPoint..ctor(String host, Int32 port)
   at System.Net.Sockets.Socket.ConnectAsync(String host, Int32 port, CancellationToken cancellationToken)
   at System.Net.Sockets.Socket.ConnectAsync(String host, Int32 port)
   at System.Net.Sockets.TcpClient.ConnectAsync(String host, Int32 port)
   at MySql.Data.Common.StreamCreator.GetTcpStream(MySqlConnectionStringBuilder settings)
   at MySql.Data.Common.StreamCreator.GetStream(MySqlConnectionStringBuilder settings)
   at MySql.Data.MySqlClient.NativeDriver.Open()
   at MySql.Data.MySqlClient.NativeDriver.Open()
   at MySql.Data.MySqlClient.Driver.Open()
   at MySql.Data.MySqlClient.Driver.Create(MySqlConnectionStringBuilder settings)
   at MySql.Data.MySqlClient.MySqlPool.CreateNewPooledConnection()
   at MySql.Data.MySqlClient.MySqlPool.GetPooledConnection()
   at MySql.Data.MySqlClient.MySqlPool.TryToGetDriver()
   at MySql.Data.MySqlClient.MySqlPool.GetConnection()
   at MySql.Data.MySqlClient.MySqlConnection.Open()
   at NLog.Targets.DatabaseTarget.OpenConnection(String connectionString, LogEventInfo logEventInfo)
   at NLog.Targets.DatabaseTarget.EnsureConnectionOpen(String connectionString, LogEventInfo logEventInfo)
   at NLog.Targets.DatabaseTarget.WriteLogEventToDatabase(LogEventInfo logEvent, String connectionString)
2021-05-11 23:31:32.7698 Error DatabaseTarget(Name=database): Error when writing to database. Exception: MySql.Data.MySqlClient.MySqlException (0x80004005): Unable to connect to any of the specified MySQL hosts.
 ---> System.ArgumentException: The parameter 'host' cannot be an empty string.
   at System.Net.DnsEndPoint..ctor(String host, Int32 port, AddressFamily addressFamily)
   at System.Net.DnsEndPoint..ctor(String host, Int32 port)
   at System.Net.Sockets.Socket.ConnectAsync(String host, Int32 port, CancellationToken cancellationToken)
   at System.Net.Sockets.Socket.ConnectAsync(String host, Int32 port)
   at System.Net.Sockets.TcpClient.ConnectAsync(String host, Int32 port)
   at MySql.Data.Common.StreamCreator.GetTcpStream(MySqlConnectionStringBuilder settings)
   at MySql.Data.Common.StreamCreator.GetStream(MySqlConnectionStringBuilder settings)
   at MySql.Data.MySqlClient.NativeDriver.Open()
   at MySql.Data.MySqlClient.NativeDriver.Open()
   at MySql.Data.MySqlClient.Driver.Open()
   at MySql.Data.MySqlClient.Driver.Create(MySqlConnectionStringBuilder settings)
   at MySql.Data.MySqlClient.MySqlPool.CreateNewPooledConnection()
   at MySql.Data.MySqlClient.MySqlPool.GetPooledConnection()
   at MySql.Data.MySqlClient.MySqlPool.TryToGetDriver()
   at MySql.Data.MySqlClient.MySqlPool.GetConnection()
   at MySql.Data.MySqlClient.MySqlConnection.Open()
   at NLog.Targets.DatabaseTarget.OpenConnection(String connectionString, LogEventInfo logEventInfo)
   at NLog.Targets.DatabaseTarget.EnsureConnectionOpen(String connectionString, LogEventInfo logEventInfo)
   at NLog.Targets.DatabaseTarget.WriteLogEventToDatabase(LogEventInfo logEvent, String connectionString)
2021-05-12 21:31:32.0556 Error DatabaseTarget(Name=database): Error when writing to database. Exception: MySql.Data.MySqlClient.MySqlException (0x80004005): Unable to connect to any of the specified MySQL hosts.
 ---> System.ArgumentException: The parameter 'host' cannot be an empty string.
   at System.Net.DnsEndPoint..ctor(String host, Int32 port, AddressFamily addressFamily)
   at System.Net.DnsEndPoint..ctor(String host, Int32 port)
   at System.Net.Sockets.Socket.ConnectAsync(String host, Int32 port, CancellationToken cancellationToken)
   at System.Net.Sockets.Socket.ConnectAsync(String host, Int32 port)
   at System.Net.Sockets.TcpClient.ConnectAsync(String host, Int32 port)
   at MySql.Data.Common.StreamCreator.GetTcpStream(MySqlConnectionStringBuilder settings)
   at MySql.Data.Common.StreamCreator.GetStream(MySqlConnectionStringBuilder settings)
   at MySql.Data.MySqlClient.NativeDriver.Open()
   at MySql.Data.MySqlClient.NativeDriver.Open()
   at MySql.Data.MySqlClient.Driver.Open()
   at MySql.Data.MySqlClient.Driver.Create(MySqlConnectionStringBuilder settings)
   at MySql.Data.MySqlClient.MySqlPool.CreateNewPooledConnection()
   at MySql.Data.MySqlClient.MySqlPool.GetPooledConnection()
   at MySql.Data.MySqlClient.MySqlPool.TryToGetDriver()
   at MySql.Data.MySqlClient.MySqlPool.GetConnection()
   at MySql.Data.MySqlClient.MySqlConnection.Open()
   at NLog.Targets.DatabaseTarget.OpenConnection(String connectionString, LogEventInfo logEventInfo)
   at NLog.Targets.DatabaseTarget.EnsureConnectionOpen(String connectionString, LogEventInfo logEventInfo)
   at NLog.Targets.DatabaseTarget.WriteLogEventToDatabase(LogEventInfo logEvent, String connectionString)
2021-05-12 21:31:32.0745 Error DatabaseTarget(Name=database): Error when writing to database. Exception: MySql.Data.MySqlClient.MySqlException (0x80004005): Unable to connect to any of the specified MySQL hosts.
 ---> System.ArgumentException: The parameter 'host' cannot be an empty string.
   at System.Net.DnsEndPoint..ctor(String host, Int32 port, AddressFamily addressFamily)
   at System.Net.DnsEndPoint..ctor(String host, Int32 port)
   at System.Net.Sockets.Socket.ConnectAsync(String host, Int32 port, CancellationToken cancellationToken)
   at System.Net.Sockets.Socket.ConnectAsync(String host, Int32 port)
   at System.Net.Sockets.TcpClient.ConnectAsync(String host, Int32 port)
   at MySql.Data.Common.StreamCreator.GetTcpStream(MySqlConnectionStringBuilder settings)
   at MySql.Data.Common.StreamCreator.GetStream(MySqlConnectionStringBuilder settings)
   at MySql.Data.MySqlClient.NativeDriver.Open()
   at MySql.Data.MySqlClient.NativeDriver.Open()
   at MySql.Data.MySqlClient.Driver.Open()
   at MySql.Data.MySqlClient.Driver.Create(MySqlConnectionStringBuilder settings)
   at MySql.Data.MySqlClient.MySqlPool.CreateNewPooledConnection()
   at MySql.Data.MySqlClient.MySqlPool.GetPooledConnection()
   at MySql.Data.MySqlClient.MySqlPool.TryToGetDriver()
   at MySql.Data.MySqlClient.MySqlPool.GetConnection()
   at MySql.Data.MySqlClient.MySqlConnection.Open()
   at NLog.Targets.DatabaseTarget.OpenConnection(String connectionString, LogEventInfo logEventInfo)
   at NLog.Targets.DatabaseTarget.EnsureConnectionOpen(String connectionString, LogEventInfo logEventInfo)
   at NLog.Targets.DatabaseTarget.WriteLogEventToDatabase(LogEventInfo logEvent, String connectionString)
2021-05-12 21:31:32.0816 Error DatabaseTarget(Name=database): Error when writing to database. Exception: MySql.Data.MySqlClient.MySqlException (0x80004005): Unable to connect to any of the specified MySQL hosts.
 ---> System.ArgumentException: The parameter 'host' cannot be an empty string.
   at System.Net.DnsEndPoint..ctor(String host, Int32 port, AddressFamily addressFamily)
   at System.Net.DnsEndPoint..ctor(String host, Int32 port)
   at System.Net.Sockets.Socket.ConnectAsync(String host, Int32 port, CancellationToken cancellationToken)
   at System.Net.Sockets.Socket.ConnectAsync(String host, Int32 port)
   at System.Net.Sockets.TcpClient.ConnectAsync(String host, Int32 port)
   at MySql.Data.Common.StreamCreator.GetTcpStream(MySqlConnectionStringBuilder settings)
   at MySql.Data.Common.StreamCreator.GetStream(MySqlConnectionStringBuilder settings)
   at MySql.Data.MySqlClient.NativeDriver.Open()
   at MySql.Data.MySqlClient.NativeDriver.Open()
   at MySql.Data.MySqlClient.Driver.Open()
   at MySql.Data.MySqlClient.Driver.Create(MySqlConnectionStringBuilder settings)
   at MySql.Data.MySqlClient.MySqlPool.CreateNewPooledConnection()
   at MySql.Data.MySqlClient.MySqlPool.GetPooledConnection()
   at MySql.Data.MySqlClient.MySqlPool.TryToGetDriver()
   at MySql.Data.MySqlClient.MySqlPool.GetConnection()
   at MySql.Data.MySqlClient.MySqlConnection.Open()
   at NLog.Targets.DatabaseTarget.OpenConnection(String connectionString, LogEventInfo logEventInfo)
   at NLog.Targets.DatabaseTarget.EnsureConnectionOpen(String connectionString, LogEventInfo logEventInfo)
   at NLog.Targets.DatabaseTarget.WriteLogEventToDatabase(LogEventInfo logEvent, String connectionString)
2021-05-12 21:31:32.0987 Error DatabaseTarget(Name=database): Error when writing to database. Exception: MySql.Data.MySqlClient.MySqlException (0x80004005): Unable to connect to any of the specified MySQL hosts.
 ---> System.ArgumentException: The parameter 'host' cannot be an empty string.
   at System.Net.DnsEndPoint..ctor(String host, Int32 port, AddressFamily addressFamily)
   at System.Net.DnsEndPoint..ctor(String host, Int32 port)
   at System.Net.Sockets.Socket.ConnectAsync(String host, Int32 port, CancellationToken cancellationToken)
   at System.Net.Sockets.Socket.ConnectAsync(String host, Int32 port)
   at System.Net.Sockets.TcpClient.ConnectAsync(String host, Int32 port)
   at MySql.Data.Common.StreamCreator.GetTcpStream(MySqlConnectionStringBuilder settings)
   at MySql.Data.Common.StreamCreator.GetStream(MySqlConnectionStringBuilder settings)
   at MySql.Data.MySqlClient.NativeDriver.Open()
   at MySql.Data.MySqlClient.NativeDriver.Open()
   at MySql.Data.MySqlClient.Driver.Open()
   at MySql.Data.MySqlClient.Driver.Create(MySqlConnectionStringBuilder settings)
   at MySql.Data.MySqlClient.MySqlPool.CreateNewPooledConnection()
   at MySql.Data.MySqlClient.MySqlPool.GetPooledConnection()
   at MySql.Data.MySqlClient.MySqlPool.TryToGetDriver()
   at MySql.Data.MySqlClient.MySqlPool.GetConnection()
   at MySql.Data.MySqlClient.MySqlConnection.Open()
   at NLog.Targets.DatabaseTarget.OpenConnection(String connectionString, LogEventInfo logEventInfo)
   at NLog.Targets.DatabaseTarget.EnsureConnectionOpen(String connectionString, LogEventInfo logEventInfo)
   at NLog.Targets.DatabaseTarget.WriteLogEventToDatabase(LogEventInfo logEvent, String connectionString)
2021-05-12 21:31:32.1045 Error DatabaseTarget(Name=database): Error when writing to database. Exception: MySql.Data.MySqlClient.MySqlException (0x80004005): Unable to connect to any of the specified MySQL hosts.
 ---> System.ArgumentException: The parameter 'host' cannot be an empty string.
   at System.Net.DnsEndPoint..ctor(String host, Int32 port, AddressFamily addressFamily)
   at System.Net.DnsEndPoint..ctor(String host, Int32 port)
   at System.Net.Sockets.Socket.ConnectAsync(String host, Int32 port, CancellationToken cancellationToken)
   at System.Net.Sockets.Socket.ConnectAsync(String host, Int32 port)
   at System.Net.Sockets.TcpClient.ConnectAsync(String host, Int32 port)
   at MySql.Data.Common.StreamCreator.GetTcpStream(MySqlConnectionStringBuilder settings)
   at MySql.Data.Common.StreamCreator.GetStream(MySqlConnectionStringBuilder settings)
   at MySql.Data.MySqlClient.NativeDriver.Open()
   at MySql.Data.MySqlClient.NativeDriver.Open()
   at MySql.Data.MySqlClient.Driver.Open()
   at MySql.Data.MySqlClient.Driver.Create(MySqlConnectionStringBuilder settings)
   at MySql.Data.MySqlClient.MySqlPool.CreateNewPooledConnection()
   at MySql.Data.MySqlClient.MySqlPool.GetPooledConnection()
   at MySql.Data.MySqlClient.MySqlPool.TryToGetDriver()
   at MySql.Data.MySqlClient.MySqlPool.GetConnection()
   at MySql.Data.MySqlClient.MySqlConnection.Open()
   at NLog.Targets.DatabaseTarget.OpenConnection(String connectionString, LogEventInfo logEventInfo)
   at NLog.Targets.DatabaseTarget.EnsureConnectionOpen(String connectionString, LogEventInfo logEventInfo)
   at NLog.Targets.DatabaseTarget.WriteLogEventToDatabase(LogEventInfo logEvent, String connectionString)
2021-05-12 21:31:32.1353 Error DatabaseTarget(Name=database): Error when writing to database. Exception: MySql.Data.MySqlClient.MySqlException (0x80004005): Unable to connect to any of the specified MySQL hosts.
 ---> System.ArgumentException: The parameter 'host' cannot be an empty string.
   at System.Net.DnsEndPoint..ctor(String host, Int32 port, AddressFamily addressFamily)
   at System.Net.DnsEndPoint..ctor(String host, Int32 port)
   at System.Net.Sockets.Socket.ConnectAsync(String host, Int32 port, CancellationToken cancellationToken)
   at System.Net.Sockets.Socket.ConnectAsync(String host, Int32 port)
   at System.Net.Sockets.TcpClient.ConnectAsync(String host, Int32 port)
   at MySql.Data.Common.StreamCreator.GetTcpStream(MySqlConnectionStringBuilder settings)
   at MySql.Data.Common.StreamCreator.GetStream(MySqlConnectionStringBuilder settings)
   at MySql.Data.MySqlClient.NativeDriver.Open()
   at MySql.Data.MySqlClient.NativeDriver.Open()
   at MySql.Data.MySqlClient.Driver.Open()
   at MySql.Data.MySqlClient.Driver.Create(MySqlConnectionStringBuilder settings)
   at MySql.Data.MySqlClient.MySqlPool.CreateNewPooledConnection()
   at MySql.Data.MySqlClient.MySqlPool.GetPooledConnection()
   at MySql.Data.MySqlClient.MySqlPool.TryToGetDriver()
   at MySql.Data.MySqlClient.MySqlPool.GetConnection()
   at MySql.Data.MySqlClient.MySqlConnection.Open()
   at NLog.Targets.DatabaseTarget.OpenConnection(String connectionString, LogEventInfo logEventInfo)
   at NLog.Targets.DatabaseTarget.EnsureConnectionOpen(String connectionString, LogEventInfo logEventInfo)
   at NLog.Targets.DatabaseTarget.WriteLogEventToDatabase(LogEventInfo logEvent, String connectionString)
2021-05-13 11:33:16.5327 Error DatabaseTarget(Name=database): Error when writing to database. Exception: MySql.Data.MySqlClient.MySqlException (0x80004005): Unable to connect to any of the specified MySQL hosts.
 ---> System.ArgumentException: The parameter 'host' cannot be an empty string.
   at System.Net.DnsEndPoint..ctor(String host, Int32 port, AddressFamily addressFamily)
   at System.Net.DnsEndPoint..ctor(String host, Int32 port)
   at System.Net.Sockets.Socket.ConnectAsync(String host, Int32 port, CancellationToken cancellationToken)
   at System.Net.Sockets.Socket.ConnectAsync(String host, Int32 port)
   at System.Net.Sockets.TcpClient.ConnectAsync(String host, Int32 port)
   at MySql.Data.Common.StreamCreator.GetTcpStream(MySqlConnectionStringBuilder settings)
   at MySql.Data.Common.StreamCreator.GetStream(MySqlConnectionStringBuilder settings)
   at MySql.Data.MySqlClient.NativeDriver.Open()
   at MySql.Data.MySqlClient.NativeDriver.Open()
   at MySql.Data.MySqlClient.Driver.Open()
   at MySql.Data.MySqlClient.Driver.Create(MySqlConnectionStringBuilder settings)
   at MySql.Data.MySqlClient.MySqlPool.CreateNewPooledConnection()
   at MySql.Data.MySqlClient.MySqlPool.GetPooledConnection()
   at MySql.Data.MySqlClient.MySqlPool.TryToGetDriver()
   at MySql.Data.MySqlClient.MySqlPool.GetConnection()
   at MySql.Data.MySqlClient.MySqlConnection.Open()
   at NLog.Targets.DatabaseTarget.OpenConnection(String connectionString, LogEventInfo logEventInfo)
   at NLog.Targets.DatabaseTarget.EnsureConnectionOpen(String connectionString, LogEventInfo logEventInfo)
   at NLog.Targets.DatabaseTarget.WriteLogEventToDatabase(LogEventInfo logEvent, String connectionString)
2021-05-13 11:33:16.5542 Error DatabaseTarget(Name=database): Error when writing to database. Exception: MySql.Data.MySqlClient.MySqlException (0x80004005): Unable to connect to any of the specified MySQL hosts.
 ---> System.ArgumentException: The parameter 'host' cannot be an empty string.
   at System.Net.DnsEndPoint..ctor(String host, Int32 port, AddressFamily addressFamily)
   at System.Net.DnsEndPoint..ctor(String host, Int32 port)
   at System.Net.Sockets.Socket.ConnectAsync(String host, Int32 port, CancellationToken cancellationToken)
   at System.Net.Sockets.Socket.ConnectAsync(String host, Int32 port)
   at System.Net.Sockets.TcpClient.ConnectAsync(String host, Int32 port)
   at MySql.Data.Common.StreamCreator.GetTcpStream(MySqlConnectionStringBuilder settings)
   at MySql.Data.Common.StreamCreator.GetStream(MySqlConnectionStringBuilder settings)
   at MySql.Data.MySqlClient.NativeDriver.Open()
   at MySql.Data.MySqlClient.NativeDriver.Open()
   at MySql.Data.MySqlClient.Driver.Open()
   at MySql.Data.MySqlClient.Driver.Create(MySqlConnectionStringBuilder settings)
   at MySql.Data.MySqlClient.MySqlPool.CreateNewPooledConnection()
   at MySql.Data.MySqlClient.MySqlPool.GetPooledConnection()
   at MySql.Data.MySqlClient.MySqlPool.TryToGetDriver()
   at MySql.Data.MySqlClient.MySqlPool.GetConnection()
   at MySql.Data.MySqlClient.MySqlConnection.Open()
   at NLog.Targets.DatabaseTarget.OpenConnection(String connectionString, LogEventInfo logEventInfo)
   at NLog.Targets.DatabaseTarget.EnsureConnectionOpen(String connectionString, LogEventInfo logEventInfo)
   at NLog.Targets.DatabaseTarget.WriteLogEventToDatabase(LogEventInfo logEvent, String connectionString)
2021-05-13 11:33:16.5617 Error DatabaseTarget(Name=database): Error when writing to database. Exception: MySql.Data.MySqlClient.MySqlException (0x80004005): Unable to connect to any of the specified MySQL hosts.
 ---> System.ArgumentException: The parameter 'host' cannot be an empty string.
   at System.Net.DnsEndPoint..ctor(String host, Int32 port, AddressFamily addressFamily)
   at System.Net.DnsEndPoint..ctor(String host, Int32 port)
   at System.Net.Sockets.Socket.ConnectAsync(String host, Int32 port, CancellationToken cancellationToken)
   at System.Net.Sockets.Socket.ConnectAsync(String host, Int32 port)
   at System.Net.Sockets.TcpClient.ConnectAsync(String host, Int32 port)
   at MySql.Data.Common.StreamCreator.GetTcpStream(MySqlConnectionStringBuilder settings)
   at MySql.Data.Common.StreamCreator.GetStream(MySqlConnectionStringBuilder settings)
   at MySql.Data.MySqlClient.NativeDriver.Open()
   at MySql.Data.MySqlClient.NativeDriver.Open()
   at MySql.Data.MySqlClient.Driver.Open()
   at MySql.Data.MySqlClient.Driver.Create(MySqlConnectionStringBuilder settings)
   at MySql.Data.MySqlClient.MySqlPool.CreateNewPooledConnection()
   at MySql.Data.MySqlClient.MySqlPool.GetPooledConnection()
   at MySql.Data.MySqlClient.MySqlPool.TryToGetDriver()
   at MySql.Data.MySqlClient.MySqlPool.GetConnection()
   at MySql.Data.MySqlClient.MySqlConnection.Open()
   at NLog.Targets.DatabaseTarget.OpenConnection(String connectionString, LogEventInfo logEventInfo)
   at NLog.Targets.DatabaseTarget.EnsureConnectionOpen(String connectionString, LogEventInfo logEventInfo)
   at NLog.Targets.DatabaseTarget.WriteLogEventToDatabase(LogEventInfo logEvent, String connectionString)
2021-05-13 11:33:16.5797 Error DatabaseTarget(Name=database): Error when writing to database. Exception: MySql.Data.MySqlClient.MySqlException (0x80004005): Unable to connect to any of the specified MySQL hosts.
 ---> System.ArgumentException: The parameter 'host' cannot be an empty string.
   at System.Net.DnsEndPoint..ctor(String host, Int32 port, AddressFamily addressFamily)
   at System.Net.DnsEndPoint..ctor(String host, Int32 port)
   at System.Net.Sockets.Socket.ConnectAsync(String host, Int32 port, CancellationToken cancellationToken)
   at System.Net.Sockets.Socket.ConnectAsync(String host, Int32 port)
   at System.Net.Sockets.TcpClient.ConnectAsync(String host, Int32 port)
   at MySql.Data.Common.StreamCreator.GetTcpStream(MySqlConnectionStringBuilder settings)
   at MySql.Data.Common.StreamCreator.GetStream(MySqlConnectionStringBuilder settings)
   at MySql.Data.MySqlClient.NativeDriver.Open()
   at MySql.Data.MySqlClient.NativeDriver.Open()
   at MySql.Data.MySqlClient.Driver.Open()
   at MySql.Data.MySqlClient.Driver.Create(MySqlConnectionStringBuilder settings)
   at MySql.Data.MySqlClient.MySqlPool.CreateNewPooledConnection()
   at MySql.Data.MySqlClient.MySqlPool.GetPooledConnection()
   at MySql.Data.MySqlClient.MySqlPool.TryToGetDriver()
   at MySql.Data.MySqlClient.MySqlPool.GetConnection()
   at MySql.Data.MySqlClient.MySqlConnection.Open()
   at NLog.Targets.DatabaseTarget.OpenConnection(String connectionString, LogEventInfo logEventInfo)
   at NLog.Targets.DatabaseTarget.EnsureConnectionOpen(String connectionString, LogEventInfo logEventInfo)
   at NLog.Targets.DatabaseTarget.WriteLogEventToDatabase(LogEventInfo logEvent, String connectionString)
2021-05-13 11:33:16.5866 Error DatabaseTarget(Name=database): Error when writing to database. Exception: MySql.Data.MySqlClient.MySqlException (0x80004005): Unable to connect to any of the specified MySQL hosts.
 ---> System.ArgumentException: The parameter 'host' cannot be an empty string.
   at System.Net.DnsEndPoint..ctor(String host, Int32 port, AddressFamily addressFamily)
   at System.Net.DnsEndPoint..ctor(String host, Int32 port)
   at System.Net.Sockets.Socket.ConnectAsync(String host, Int32 port, CancellationToken cancellationToken)
   at System.Net.Sockets.Socket.ConnectAsync(String host, Int32 port)
   at System.Net.Sockets.TcpClient.ConnectAsync(String host, Int32 port)
   at MySql.Data.Common.StreamCreator.GetTcpStream(MySqlConnectionStringBuilder settings)
   at MySql.Data.Common.StreamCreator.GetStream(MySqlConnectionStringBuilder settings)
   at MySql.Data.MySqlClient.NativeDriver.Open()
   at MySql.Data.MySqlClient.NativeDriver.Open()
   at MySql.Data.MySqlClient.Driver.Open()
   at MySql.Data.MySqlClient.Driver.Create(MySqlConnectionStringBuilder settings)
   at MySql.Data.MySqlClient.MySqlPool.CreateNewPooledConnection()
   at MySql.Data.MySqlClient.MySqlPool.GetPooledConnection()
   at MySql.Data.MySqlClient.MySqlPool.TryToGetDriver()
   at MySql.Data.MySqlClient.MySqlPool.GetConnection()
   at MySql.Data.MySqlClient.MySqlConnection.Open()
   at NLog.Targets.DatabaseTarget.OpenConnection(String connectionString, LogEventInfo logEventInfo)
   at NLog.Targets.DatabaseTarget.EnsureConnectionOpen(String connectionString, LogEventInfo logEventInfo)
   at NLog.Targets.DatabaseTarget.WriteLogEventToDatabase(LogEventInfo logEvent, String connectionString)
2021-05-13 11:33:16.6197 Error DatabaseTarget(Name=database): Error when writing to database. Exception: MySql.Data.MySqlClient.MySqlException (0x80004005): Unable to connect to any of the specified MySQL hosts.
 ---> System.ArgumentException: The parameter 'host' cannot be an empty string.
   at System.Net.DnsEndPoint..ctor(String host, Int32 port, AddressFamily addressFamily)
   at System.Net.DnsEndPoint..ctor(String host, Int32 port)
   at System.Net.Sockets.Socket.ConnectAsync(String host, Int32 port, CancellationToken cancellationToken)
   at System.Net.Sockets.Socket.ConnectAsync(String host, Int32 port)
   at System.Net.Sockets.TcpClient.ConnectAsync(String host, Int32 port)
   at MySql.Data.Common.StreamCreator.GetTcpStream(MySqlConnectionStringBuilder settings)
   at MySql.Data.Common.StreamCreator.GetStream(MySqlConnectionStringBuilder settings)
   at MySql.Data.MySqlClient.NativeDriver.Open()
   at MySql.Data.MySqlClient.NativeDriver.Open()
   at MySql.Data.MySqlClient.Driver.Open()
   at MySql.Data.MySqlClient.Driver.Create(MySqlConnectionStringBuilder settings)
   at MySql.Data.MySqlClient.MySqlPool.CreateNewPooledConnection()
   at MySql.Data.MySqlClient.MySqlPool.GetPooledConnection()
   at MySql.Data.MySqlClient.MySqlPool.TryToGetDriver()
   at MySql.Data.MySqlClient.MySqlPool.GetConnection()
   at MySql.Data.MySqlClient.MySqlConnection.Open()
   at NLog.Targets.DatabaseTarget.OpenConnection(String connectionString, LogEventInfo logEventInfo)
   at NLog.Targets.DatabaseTarget.EnsureConnectionOpen(String connectionString, LogEventInfo logEventInfo)
   at NLog.Targets.DatabaseTarget.WriteLogEventToDatabase(LogEventInfo logEvent, String connectionString)
